<?xml version="1.0" encoding="UTF-8"?>
<testsuite name="com.ceiba.biblioteca.calificador.PrestamoTests" tests="6" skipped="0" failures="0" errors="0" timestamp="2023-06-23T04:44:58" hostname="DESKTOP-5F1B78L" time="10.599">
  <properties/>
  <testcase name="prestamoLibroUsuarioInvitadoDeberiaAlmacenarCorrectamenteYCalcularFechaDeDevolucion()" classname="com.ceiba.biblioteca.calificador.PrestamoTests" time="2.588"/>
  <testcase name="prestamoLibroUsuarioEmpleadoDeberiaAlmacenarCorrectamenteYCalcularFechaDeDevolucion()" classname="com.ceiba.biblioteca.calificador.PrestamoTests" time="1.672"/>
  <testcase name="usuarioInvitadoTratandoDePrestarUnSegundoLibroDeberiaRetornarExcepcion()" classname="com.ceiba.biblioteca.calificador.PrestamoTests" time="1.815"/>
  <testcase name="prestamoConTipoDeUsuarioNoPermitidoDeberiaRetornarExcepcion()" classname="com.ceiba.biblioteca.calificador.PrestamoTests" time="1.531"/>
  <testcase name="usuarioNoInvitadoTratandoDePrestarUnSegundoLibroDeberiaPrestarloCorrectamente()" classname="com.ceiba.biblioteca.calificador.PrestamoTests" time="1.51"/>
  <testcase name="prestamoLibroUsuarioAfiliadoDeberiaAlmacenarCorrectamenteYCalcularFechaDeDevolucion()" classname="com.ceiba.biblioteca.calificador.PrestamoTests" time="1.472"/>
  <system-out><![CDATA[23:44:50.221 [Test worker] DEBUG org.springframework.test.context.BootstrapUtils - Instantiating CacheAwareContextLoaderDelegate from class [org.springframework.test.context.cache.DefaultCacheAwareContextLoaderDelegate]
23:44:50.250 [Test worker] DEBUG org.springframework.test.context.BootstrapUtils - Instantiating BootstrapContext using constructor [public org.springframework.test.context.support.DefaultBootstrapContext(java.lang.Class,org.springframework.test.context.CacheAwareContextLoaderDelegate)]
23:44:50.313 [Test worker] DEBUG org.springframework.test.context.BootstrapUtils - Instantiating TestContextBootstrapper for test class [com.ceiba.biblioteca.calificador.PrestamoTests] from class [org.springframework.boot.test.context.SpringBootTestContextBootstrapper]
23:44:50.339 [Test worker] INFO org.springframework.boot.test.context.SpringBootTestContextBootstrapper - Neither @ContextConfiguration nor @ContextHierarchy found for test class [com.ceiba.biblioteca.calificador.PrestamoTests], using SpringBootContextLoader
23:44:50.346 [Test worker] DEBUG org.springframework.test.context.support.AbstractContextLoader - Did not detect default resource location for test class [com.ceiba.biblioteca.calificador.PrestamoTests]: class path resource [com/ceiba/biblioteca/calificador/PrestamoTests-context.xml] does not exist
23:44:50.347 [Test worker] DEBUG org.springframework.test.context.support.AbstractContextLoader - Did not detect default resource location for test class [com.ceiba.biblioteca.calificador.PrestamoTests]: class path resource [com/ceiba/biblioteca/calificador/PrestamoTestsContext.groovy] does not exist
23:44:50.348 [Test worker] INFO org.springframework.test.context.support.AbstractContextLoader - Could not detect default resource locations for test class [com.ceiba.biblioteca.calificador.PrestamoTests]: no resource found for suffixes {-context.xml, Context.groovy}.
23:44:50.350 [Test worker] INFO org.springframework.test.context.support.AnnotationConfigContextLoaderUtils - Could not detect default configuration classes for test class [com.ceiba.biblioteca.calificador.PrestamoTests]: PrestamoTests does not declare any static, non-private, non-final, nested classes annotated with @Configuration.
23:44:50.431 [Test worker] DEBUG org.springframework.test.context.support.ActiveProfilesUtils - Could not find an 'annotation declaring class' for annotation type [org.springframework.test.context.ActiveProfiles] and class [com.ceiba.biblioteca.calificador.PrestamoTests]
23:44:50.548 [Test worker] DEBUG org.springframework.context.annotation.ClassPathScanningCandidateComponentProvider - Identified candidate component class: file [C:\Users\Lenovo Ryzen5\Desktop\biblioteca\build\classes\java\main\com\ceiba\biblioteca\BibliotecaApplication.class]
23:44:50.551 [Test worker] INFO org.springframework.boot.test.context.SpringBootTestContextBootstrapper - Found @SpringBootConfiguration com.ceiba.biblioteca.BibliotecaApplication for test class com.ceiba.biblioteca.calificador.PrestamoTests
23:44:50.725 [Test worker] DEBUG org.springframework.boot.test.context.SpringBootTestContextBootstrapper - @TestExecutionListeners is not present for class [com.ceiba.biblioteca.calificador.PrestamoTests]: using defaults.
23:44:50.726 [Test worker] INFO org.springframework.boot.test.context.SpringBootTestContextBootstrapper - Loaded default TestExecutionListener class names from location [META-INF/spring.factories]: [org.springframework.boot.test.autoconfigure.restdocs.RestDocsTestExecutionListener, org.springframework.boot.test.autoconfigure.web.client.MockRestServiceServerResetTestExecutionListener, org.springframework.boot.test.autoconfigure.web.servlet.MockMvcPrintOnlyOnFailureTestExecutionListener, org.springframework.boot.test.autoconfigure.web.servlet.WebDriverTestExecutionListener, org.springframework.boot.test.mock.mockito.MockitoTestExecutionListener, org.springframework.boot.test.mock.mockito.ResetMocksTestExecutionListener, org.springframework.test.context.web.ServletTestExecutionListener, org.springframework.test.context.support.DirtiesContextBeforeModesTestExecutionListener, org.springframework.test.context.support.DependencyInjectionTestExecutionListener, org.springframework.test.context.support.DirtiesContextTestExecutionListener, org.springframework.test.context.transaction.TransactionalTestExecutionListener, org.springframework.test.context.jdbc.SqlScriptsTestExecutionListener, org.springframework.test.context.event.EventPublishingTestExecutionListener]
23:44:50.764 [Test worker] INFO org.springframework.boot.test.context.SpringBootTestContextBootstrapper - Using TestExecutionListeners: [org.springframework.test.context.web.ServletTestExecutionListener@4645acc, org.springframework.test.context.support.DirtiesContextBeforeModesTestExecutionListener@d98fafe, org.springframework.boot.test.mock.mockito.MockitoTestExecutionListener@7f795a50, org.springframework.boot.test.autoconfigure.SpringBootDependencyInjectionTestExecutionListener@3922d7cc, org.springframework.test.context.support.DirtiesContextTestExecutionListener@1fb6581e, org.springframework.test.context.transaction.TransactionalTestExecutionListener@55331e1c, org.springframework.test.context.jdbc.SqlScriptsTestExecutionListener@60ad7530, org.springframework.test.context.event.EventPublishingTestExecutionListener@4f1e425e, org.springframework.boot.test.autoconfigure.restdocs.RestDocsTestExecutionListener@62c5850b, org.springframework.boot.test.autoconfigure.web.client.MockRestServiceServerResetTestExecutionListener@2f4bb4b1, org.springframework.boot.test.autoconfigure.web.servlet.MockMvcPrintOnlyOnFailureTestExecutionListener@24c4409d, org.springframework.boot.test.autoconfigure.web.servlet.WebDriverTestExecutionListener@19f5eae9, org.springframework.boot.test.mock.mockito.ResetMocksTestExecutionListener@5756c901]
23:44:50.772 [Test worker] DEBUG org.springframework.test.context.support.AbstractDirtiesContextTestExecutionListener - Before test class: context [DefaultTestContext@2c45c83b testClass = PrestamoTests, testInstance = [null], testMethod = [null], testException = [null], mergedContextConfiguration = [WebMergedContextConfiguration@21a2d8b7 testClass = PrestamoTests, locations = '{}', classes = '{class com.ceiba.biblioteca.BibliotecaApplication}', contextInitializerClasses = '[]', activeProfiles = '{}', propertySourceLocations = '{}', propertySourceProperties = '{org.springframework.boot.test.context.SpringBootTestContextBootstrapper=true}', contextCustomizers = set[org.springframework.boot.test.autoconfigure.properties.PropertyMappingContextCustomizer@4b3fa0b3, org.springframework.boot.test.autoconfigure.web.servlet.WebDriverContextCustomizerFactory$Customizer@16f22f00, [ImportsContextCustomizer@1d5fc4f1 key = [org.springframework.boot.test.autoconfigure.web.servlet.MockMvcAutoConfiguration, org.springframework.boot.test.autoconfigure.web.servlet.MockMvcWebClientAutoConfiguration, org.springframework.boot.test.autoconfigure.web.servlet.MockMvcWebDriverAutoConfiguration, org.springframework.boot.autoconfigure.security.servlet.SecurityAutoConfiguration, org.springframework.boot.autoconfigure.security.servlet.UserDetailsServiceAutoConfiguration, org.springframework.boot.test.autoconfigure.web.servlet.MockMvcSecurityConfiguration]], org.springframework.boot.test.context.filter.ExcludeFilterContextCustomizer@bd9127f, org.springframework.boot.test.json.DuplicateJsonObjectContextCustomizerFactory$DuplicateJsonObjectContextCustomizer@2701edab, org.springframework.boot.test.mock.mockito.MockitoContextCustomizer@0, org.springframework.boot.test.web.client.TestRestTemplateContextCustomizer@6d7f0fb0], resourceBasePath = 'src/main/webapp', contextLoader = 'org.springframework.boot.test.context.SpringBootContextLoader', parent = [null]], attributes = map['org.springframework.test.context.web.ServletTestExecutionListener.activateListener' -> true]], class annotated with @DirtiesContext [true] with mode [BEFORE_EACH_TEST_METHOD].
23:44:50.820 [Test worker] DEBUG org.springframework.test.context.support.TestPropertySourceUtils - Adding inlined properties to environment: {spring.jmx.enabled=false, org.springframework.boot.test.context.SpringBootTestContextBootstrapper=true, server.port=-1}

  .   ____          _            __ _ _
 /\\ / ___'_ __ _ _(_)_ __  __ _ \ \ \ \
( ( )\___ | '_ | '_| | '_ \/ _` | \ \ \ \
 \\/  ___)| |_)| | | | | || (_| |  ) ) ) )
  '  |____| .__|_| |_|_| |_\__, | / / / /
 =========|_|==============|___/=/_/_/_/
 :: Spring Boot ::        (v2.2.1.RELEASE)

2023-06-22 23:44:51.301  INFO 11804 --- [    Test worker] c.c.b.calificador.PrestamoTests          : Starting PrestamoTests on DESKTOP-5F1B78L with PID 11804 (started by Lenovo Ryzen5 in C:\Users\Lenovo Ryzen5\Desktop\biblioteca)
2023-06-22 23:44:51.303  INFO 11804 --- [    Test worker] c.c.b.calificador.PrestamoTests          : No active profile set, falling back to default profiles: default
2023-06-22 23:44:52.428  INFO 11804 --- [    Test worker] .s.d.r.c.RepositoryConfigurationDelegate : Bootstrapping Spring Data repositories in DEFAULT mode.
2023-06-22 23:44:52.564  INFO 11804 --- [    Test worker] .s.d.r.c.RepositoryConfigurationDelegate : Finished Spring Data repository scanning in 118ms. Found 1 repository interfaces.
2023-06-22 23:44:53.111  INFO 11804 --- [    Test worker] trationDelegate$BeanPostProcessorChecker : Bean 'org.springframework.transaction.annotation.ProxyTransactionManagementConfiguration' of type [org.springframework.transaction.annotation.ProxyTransactionManagementConfiguration] is not eligible for getting processed by all BeanPostProcessors (for example: not eligible for auto-proxying)
2023-06-22 23:44:53.427  INFO 11804 --- [    Test worker] com.zaxxer.hikari.HikariDataSource       : HikariPool-1 - Starting...
2023-06-22 23:44:53.752  INFO 11804 --- [    Test worker] com.zaxxer.hikari.HikariDataSource       : HikariPool-1 - Start completed.
2023-06-22 23:44:53.888  INFO 11804 --- [    Test worker] o.hibernate.jpa.internal.util.LogHelper  : HHH000204: Processing PersistenceUnitInfo [name: default]
2023-06-22 23:44:54.087  INFO 11804 --- [    Test worker] org.hibernate.Version                    : HHH000412: Hibernate Core {5.4.8.Final}
2023-06-22 23:44:54.395  INFO 11804 --- [    Test worker] o.hibernate.annotations.common.Version   : HCANN000001: Hibernate Commons Annotations {5.1.0.Final}
2023-06-22 23:44:54.643  INFO 11804 --- [    Test worker] org.hibernate.dialect.Dialect            : HHH000400: Using dialect: org.hibernate.dialect.H2Dialect
2023-06-22 23:44:55.741  INFO 11804 --- [    Test worker] o.h.e.t.j.p.i.JtaPlatformInitiator       : HHH000490: Using JtaPlatform implementation: [org.hibernate.engine.transaction.jta.platform.internal.NoJtaPlatform]
2023-06-22 23:44:55.751  INFO 11804 --- [    Test worker] j.LocalContainerEntityManagerFactoryBean : Initialized JPA EntityManagerFactory for persistence unit 'default'
2023-06-22 23:44:56.834  WARN 11804 --- [    Test worker] JpaBaseConfiguration$JpaWebConfiguration : spring.jpa.open-in-view is enabled by default. Therefore, database queries may be performed during view rendering. Explicitly configure spring.jpa.open-in-view to disable this warning
2023-06-22 23:44:57.319  INFO 11804 --- [    Test worker] o.s.s.concurrent.ThreadPoolTaskExecutor  : Initializing ExecutorService 'applicationTaskExecutor'
2023-06-22 23:44:57.825  INFO 11804 --- [    Test worker] o.s.b.a.h2.H2ConsoleAutoConfiguration    : H2 console available at '/h2'. Database available at 'jdbc:h2:mem:~/bibliotecaTest'
2023-06-22 23:44:57.967  INFO 11804 --- [    Test worker] o.s.b.t.m.w.SpringBootMockServletContext : Initializing Spring TestDispatcherServlet ''
2023-06-22 23:44:57.968  INFO 11804 --- [    Test worker] o.s.t.web.servlet.TestDispatcherServlet  : Initializing Servlet ''
2023-06-22 23:44:57.993  INFO 11804 --- [    Test worker] o.s.t.web.servlet.TestDispatcherServlet  : Completed initialization in 25 ms
2023-06-22 23:44:58.021  INFO 11804 --- [    Test worker] c.c.b.calificador.PrestamoTests          : Started PrestamoTests in 7.185 seconds (JVM running for 9.362)
2023-06-22 23:44:58.058  INFO 11804 --- [    Test worker] o.s.s.concurrent.ThreadPoolTaskExecutor  : Shutting down ExecutorService 'applicationTaskExecutor'
2023-06-22 23:44:58.059  INFO 11804 --- [    Test worker] j.LocalContainerEntityManagerFactoryBean : Closing JPA EntityManagerFactory for persistence unit 'default'
2023-06-22 23:44:58.059  INFO 11804 --- [    Test worker] .SchemaDropperImpl$DelayedDropActionImpl : HHH000477: Starting delayed evictData of schema as part of SessionFactory shut-down'
2023-06-22 23:44:58.067  INFO 11804 --- [    Test worker] com.zaxxer.hikari.HikariDataSource       : HikariPool-1 - Shutdown initiated...
2023-06-22 23:44:58.071  INFO 11804 --- [    Test worker] com.zaxxer.hikari.HikariDataSource       : HikariPool-1 - Shutdown completed.

  .   ____          _            __ _ _
 /\\ / ___'_ __ _ _(_)_ __  __ _ \ \ \ \
( ( )\___ | '_ | '_| | '_ \/ _` | \ \ \ \
 \\/  ___)| |_)| | | | | || (_| |  ) ) ) )
  '  |____| .__|_| |_|_| |_\__, | / / / /
 =========|_|==============|___/=/_/_/_/
 :: Spring Boot ::        (v2.2.1.RELEASE)

2023-06-22 23:44:58.118  INFO 11804 --- [    Test worker] c.c.b.calificador.PrestamoTests          : Starting PrestamoTests on DESKTOP-5F1B78L with PID 11804 (started by Lenovo Ryzen5 in C:\Users\Lenovo Ryzen5\Desktop\biblioteca)
2023-06-22 23:44:58.119  INFO 11804 --- [    Test worker] c.c.b.calificador.PrestamoTests          : No active profile set, falling back to default profiles: default
2023-06-22 23:44:58.468  INFO 11804 --- [    Test worker] .s.d.r.c.RepositoryConfigurationDelegate : Bootstrapping Spring Data repositories in DEFAULT mode.
2023-06-22 23:44:58.492  INFO 11804 --- [    Test worker] .s.d.r.c.RepositoryConfigurationDelegate : Finished Spring Data repository scanning in 24ms. Found 1 repository interfaces.
2023-06-22 23:44:58.636  INFO 11804 --- [    Test worker] trationDelegate$BeanPostProcessorChecker : Bean 'org.springframework.transaction.annotation.ProxyTransactionManagementConfiguration' of type [org.springframework.transaction.annotation.ProxyTransactionManagementConfiguration] is not eligible for getting processed by all BeanPostProcessors (for example: not eligible for auto-proxying)
2023-06-22 23:44:58.732  INFO 11804 --- [    Test worker] com.zaxxer.hikari.HikariDataSource       : HikariPool-2 - Starting...
2023-06-22 23:44:58.736  INFO 11804 --- [    Test worker] com.zaxxer.hikari.HikariDataSource       : HikariPool-2 - Start completed.
2023-06-22 23:44:58.764  INFO 11804 --- [    Test worker] o.hibernate.jpa.internal.util.LogHelper  : HHH000204: Processing PersistenceUnitInfo [name: default]
2023-06-22 23:44:58.776  INFO 11804 --- [    Test worker] org.hibernate.dialect.Dialect            : HHH000400: Using dialect: org.hibernate.dialect.H2Dialect
2023-06-22 23:44:58.840  INFO 11804 --- [    Test worker] o.h.e.t.j.p.i.JtaPlatformInitiator       : HHH000490: Using JtaPlatform implementation: [org.hibernate.engine.transaction.jta.platform.internal.NoJtaPlatform]
2023-06-22 23:44:58.840  INFO 11804 --- [    Test worker] j.LocalContainerEntityManagerFactoryBean : Initialized JPA EntityManagerFactory for persistence unit 'default'
2023-06-22 23:44:59.196  WARN 11804 --- [    Test worker] JpaBaseConfiguration$JpaWebConfiguration : spring.jpa.open-in-view is enabled by default. Therefore, database queries may be performed during view rendering. Explicitly configure spring.jpa.open-in-view to disable this warning
2023-06-22 23:44:59.371  INFO 11804 --- [    Test worker] o.s.s.concurrent.ThreadPoolTaskExecutor  : Initializing ExecutorService 'applicationTaskExecutor'
2023-06-22 23:44:59.682  INFO 11804 --- [    Test worker] o.s.b.a.h2.H2ConsoleAutoConfiguration    : H2 console available at '/h2'. Database available at 'jdbc:h2:mem:~/bibliotecaTest'
2023-06-22 23:44:59.777  INFO 11804 --- [    Test worker] o.s.b.t.m.w.SpringBootMockServletContext : Initializing Spring TestDispatcherServlet ''
2023-06-22 23:44:59.777  INFO 11804 --- [    Test worker] o.s.t.web.servlet.TestDispatcherServlet  : Initializing Servlet ''
2023-06-22 23:44:59.791  INFO 11804 --- [    Test worker] o.s.t.web.servlet.TestDispatcherServlet  : Completed initialization in 14 ms
2023-06-22 23:44:59.804  INFO 11804 --- [    Test worker] c.c.b.calificador.PrestamoTests          : Started PrestamoTests in 1.725 seconds (JVM running for 11.145)

MockHttpServletRequest:
      HTTP Method = POST
      Request URI = /prestamo
       Parameters = {}
          Headers = [Content-Type:"application/json;charset=UTF-8"]
             Body = {"isbn":"EQWQW8545","identificacionUsuario":"74851254","tipoUsuario":3}
    Session Attrs = {}

Handler:
             Type = com.ceiba.biblioteca.controlador.PrestamoControlador
           Method = com.ceiba.biblioteca.controlador.PrestamoControlador#crearPrestamo(Prestamo)

Async:
    Async started = false
     Async result = null

Resolved Exception:
             Type = null

ModelAndView:
        View name = null
             View = null
            Model = null

FlashMap:
       Attributes = null

MockHttpServletResponse:
           Status = 200
    Error message = null
          Headers = [Content-Type:"application/json"]
     Content type = application/json
             Body = {"id":1,"fechaMaximaDevolucion":"03/07/2023"}
    Forwarded URL = null
   Redirected URL = null
          Cookies = []

MockHttpServletRequest:
      HTTP Method = GET
      Request URI = /prestamo/1
       Parameters = {}
          Headers = [Accept:"application/json"]
             Body = null
    Session Attrs = {}

Handler:
             Type = com.ceiba.biblioteca.controlador.PrestamoControlador
           Method = com.ceiba.biblioteca.controlador.PrestamoControlador#buscarPorId(Integer)

Async:
    Async started = false
     Async result = null

Resolved Exception:
             Type = null

ModelAndView:
        View name = null
             View = null
            Model = null

FlashMap:
       Attributes = null

MockHttpServletResponse:
           Status = 200
    Error message = null
          Headers = [Content-Type:"application/json"]
     Content type = application/json
             Body = {"id":1,"isbn":"EQWQW8545","identificacionUsuario":"74851254","tipoUsuario":3,"fechaMaximaDevolucion":"03/07/2023"}
    Forwarded URL = null
   Redirected URL = null
          Cookies = []
2023-06-22 23:45:00.646  INFO 11804 --- [    Test worker] o.s.s.concurrent.ThreadPoolTaskExecutor  : Shutting down ExecutorService 'applicationTaskExecutor'
2023-06-22 23:45:00.647  INFO 11804 --- [    Test worker] j.LocalContainerEntityManagerFactoryBean : Closing JPA EntityManagerFactory for persistence unit 'default'
2023-06-22 23:45:00.648  INFO 11804 --- [    Test worker] .SchemaDropperImpl$DelayedDropActionImpl : HHH000477: Starting delayed evictData of schema as part of SessionFactory shut-down'
2023-06-22 23:45:00.651  INFO 11804 --- [    Test worker] com.zaxxer.hikari.HikariDataSource       : HikariPool-2 - Shutdown initiated...
2023-06-22 23:45:00.653  INFO 11804 --- [    Test worker] com.zaxxer.hikari.HikariDataSource       : HikariPool-2 - Shutdown completed.

  .   ____          _            __ _ _
 /\\ / ___'_ __ _ _(_)_ __  __ _ \ \ \ \
( ( )\___ | '_ | '_| | '_ \/ _` | \ \ \ \
 \\/  ___)| |_)| | | | | || (_| |  ) ) ) )
  '  |____| .__|_| |_|_| |_\__, | / / / /
 =========|_|==============|___/=/_/_/_/
 :: Spring Boot ::        (v2.2.1.RELEASE)

2023-06-22 23:45:00.706  INFO 11804 --- [    Test worker] c.c.b.calificador.PrestamoTests          : Starting PrestamoTests on DESKTOP-5F1B78L with PID 11804 (started by Lenovo Ryzen5 in C:\Users\Lenovo Ryzen5\Desktop\biblioteca)
2023-06-22 23:45:00.706  INFO 11804 --- [    Test worker] c.c.b.calificador.PrestamoTests          : No active profile set, falling back to default profiles: default
2023-06-22 23:45:00.964  INFO 11804 --- [    Test worker] .s.d.r.c.RepositoryConfigurationDelegate : Bootstrapping Spring Data repositories in DEFAULT mode.
2023-06-22 23:45:00.987  INFO 11804 --- [    Test worker] .s.d.r.c.RepositoryConfigurationDelegate : Finished Spring Data repository scanning in 22ms. Found 1 repository interfaces.
2023-06-22 23:45:01.145  INFO 11804 --- [    Test worker] trationDelegate$BeanPostProcessorChecker : Bean 'org.springframework.transaction.annotation.ProxyTransactionManagementConfiguration' of type [org.springframework.transaction.annotation.ProxyTransactionManagementConfiguration] is not eligible for getting processed by all BeanPostProcessors (for example: not eligible for auto-proxying)
2023-06-22 23:45:01.258  INFO 11804 --- [    Test worker] com.zaxxer.hikari.HikariDataSource       : HikariPool-3 - Starting...
2023-06-22 23:45:01.262  INFO 11804 --- [    Test worker] com.zaxxer.hikari.HikariDataSource       : HikariPool-3 - Start completed.
2023-06-22 23:45:01.289  INFO 11804 --- [    Test worker] o.hibernate.jpa.internal.util.LogHelper  : HHH000204: Processing PersistenceUnitInfo [name: default]
2023-06-22 23:45:01.301  INFO 11804 --- [    Test worker] org.hibernate.dialect.Dialect            : HHH000400: Using dialect: org.hibernate.dialect.H2Dialect
2023-06-22 23:45:01.356  INFO 11804 --- [    Test worker] o.h.e.t.j.p.i.JtaPlatformInitiator       : HHH000490: Using JtaPlatform implementation: [org.hibernate.engine.transaction.jta.platform.internal.NoJtaPlatform]
2023-06-22 23:45:01.357  INFO 11804 --- [    Test worker] j.LocalContainerEntityManagerFactoryBean : Initialized JPA EntityManagerFactory for persistence unit 'default'
2023-06-22 23:45:01.642  WARN 11804 --- [    Test worker] JpaBaseConfiguration$JpaWebConfiguration : spring.jpa.open-in-view is enabled by default. Therefore, database queries may be performed during view rendering. Explicitly configure spring.jpa.open-in-view to disable this warning
2023-06-22 23:45:01.833  INFO 11804 --- [    Test worker] o.s.s.concurrent.ThreadPoolTaskExecutor  : Initializing ExecutorService 'applicationTaskExecutor'
2023-06-22 23:45:02.109  INFO 11804 --- [    Test worker] o.s.b.a.h2.H2ConsoleAutoConfiguration    : H2 console available at '/h2'. Database available at 'jdbc:h2:mem:~/bibliotecaTest'
2023-06-22 23:45:02.224  INFO 11804 --- [    Test worker] o.s.b.t.m.w.SpringBootMockServletContext : Initializing Spring TestDispatcherServlet ''
2023-06-22 23:45:02.224  INFO 11804 --- [    Test worker] o.s.t.web.servlet.TestDispatcherServlet  : Initializing Servlet ''
2023-06-22 23:45:02.240  INFO 11804 --- [    Test worker] o.s.t.web.servlet.TestDispatcherServlet  : Completed initialization in 16 ms
2023-06-22 23:45:02.255  INFO 11804 --- [    Test worker] c.c.b.calificador.PrestamoTests          : Started PrestamoTests in 1.599 seconds (JVM running for 13.596)

MockHttpServletRequest:
      HTTP Method = POST
      Request URI = /prestamo
       Parameters = {}
          Headers = [Content-Type:"application/json;charset=UTF-8"]
             Body = {"isbn":"AWQ489","identificacionUsuario":"7481545","tipoUsuario":2}
    Session Attrs = {}

Handler:
             Type = com.ceiba.biblioteca.controlador.PrestamoControlador
           Method = com.ceiba.biblioteca.controlador.PrestamoControlador#crearPrestamo(Prestamo)

Async:
    Async started = false
     Async result = null

Resolved Exception:
             Type = null

ModelAndView:
        View name = null
             View = null
            Model = null

FlashMap:
       Attributes = null

MockHttpServletResponse:
           Status = 200
    Error message = null
          Headers = [Content-Type:"application/json"]
     Content type = application/json
             Body = {"id":1,"fechaMaximaDevolucion":"04/07/2023"}
    Forwarded URL = null
   Redirected URL = null
          Cookies = []

MockHttpServletRequest:
      HTTP Method = GET
      Request URI = /prestamo/1
       Parameters = {}
          Headers = [Accept:"application/json"]
             Body = null
    Session Attrs = {}

Handler:
             Type = com.ceiba.biblioteca.controlador.PrestamoControlador
           Method = com.ceiba.biblioteca.controlador.PrestamoControlador#buscarPorId(Integer)

Async:
    Async started = false
     Async result = null

Resolved Exception:
             Type = null

ModelAndView:
        View name = null
             View = null
            Model = null

FlashMap:
       Attributes = null

MockHttpServletResponse:
           Status = 200
    Error message = null
          Headers = [Content-Type:"application/json"]
     Content type = application/json
             Body = {"id":1,"isbn":"AWQ489","identificacionUsuario":"7481545","tipoUsuario":2,"fechaMaximaDevolucion":"04/07/2023"}
    Forwarded URL = null
   Redirected URL = null
          Cookies = []
2023-06-22 23:45:02.321  INFO 11804 --- [    Test worker] o.s.s.concurrent.ThreadPoolTaskExecutor  : Shutting down ExecutorService 'applicationTaskExecutor'
2023-06-22 23:45:02.322  INFO 11804 --- [    Test worker] j.LocalContainerEntityManagerFactoryBean : Closing JPA EntityManagerFactory for persistence unit 'default'
2023-06-22 23:45:02.322  INFO 11804 --- [    Test worker] .SchemaDropperImpl$DelayedDropActionImpl : HHH000477: Starting delayed evictData of schema as part of SessionFactory shut-down'
2023-06-22 23:45:02.325  INFO 11804 --- [    Test worker] com.zaxxer.hikari.HikariDataSource       : HikariPool-3 - Shutdown initiated...
2023-06-22 23:45:02.326  INFO 11804 --- [    Test worker] com.zaxxer.hikari.HikariDataSource       : HikariPool-3 - Shutdown completed.

  .   ____          _            __ _ _
 /\\ / ___'_ __ _ _(_)_ __  __ _ \ \ \ \
( ( )\___ | '_ | '_| | '_ \/ _` | \ \ \ \
 \\/  ___)| |_)| | | | | || (_| |  ) ) ) )
  '  |____| .__|_| |_|_| |_\__, | / / / /
 =========|_|==============|___/=/_/_/_/
 :: Spring Boot ::        (v2.2.1.RELEASE)

2023-06-22 23:45:02.379  INFO 11804 --- [    Test worker] c.c.b.calificador.PrestamoTests          : Starting PrestamoTests on DESKTOP-5F1B78L with PID 11804 (started by Lenovo Ryzen5 in C:\Users\Lenovo Ryzen5\Desktop\biblioteca)
2023-06-22 23:45:02.379  INFO 11804 --- [    Test worker] c.c.b.calificador.PrestamoTests          : No active profile set, falling back to default profiles: default
2023-06-22 23:45:02.685  INFO 11804 --- [    Test worker] .s.d.r.c.RepositoryConfigurationDelegate : Bootstrapping Spring Data repositories in DEFAULT mode.
2023-06-22 23:45:02.709  INFO 11804 --- [    Test worker] .s.d.r.c.RepositoryConfigurationDelegate : Finished Spring Data repository scanning in 23ms. Found 1 repository interfaces.
2023-06-22 23:45:02.808  INFO 11804 --- [    Test worker] trationDelegate$BeanPostProcessorChecker : Bean 'org.springframework.transaction.annotation.ProxyTransactionManagementConfiguration' of type [org.springframework.transaction.annotation.ProxyTransactionManagementConfiguration] is not eligible for getting processed by all BeanPostProcessors (for example: not eligible for auto-proxying)
2023-06-22 23:45:02.922  INFO 11804 --- [    Test worker] com.zaxxer.hikari.HikariDataSource       : HikariPool-4 - Starting...
2023-06-22 23:45:02.926  INFO 11804 --- [    Test worker] com.zaxxer.hikari.HikariDataSource       : HikariPool-4 - Start completed.
2023-06-22 23:45:02.962  INFO 11804 --- [    Test worker] o.hibernate.jpa.internal.util.LogHelper  : HHH000204: Processing PersistenceUnitInfo [name: default]
2023-06-22 23:45:02.978  INFO 11804 --- [    Test worker] org.hibernate.dialect.Dialect            : HHH000400: Using dialect: org.hibernate.dialect.H2Dialect
2023-06-22 23:45:03.046  INFO 11804 --- [    Test worker] o.h.e.t.j.p.i.JtaPlatformInitiator       : HHH000490: Using JtaPlatform implementation: [org.hibernate.engine.transaction.jta.platform.internal.NoJtaPlatform]
2023-06-22 23:45:03.046  INFO 11804 --- [    Test worker] j.LocalContainerEntityManagerFactoryBean : Initialized JPA EntityManagerFactory for persistence unit 'default'
2023-06-22 23:45:03.368  WARN 11804 --- [    Test worker] JpaBaseConfiguration$JpaWebConfiguration : spring.jpa.open-in-view is enabled by default. Therefore, database queries may be performed during view rendering. Explicitly configure spring.jpa.open-in-view to disable this warning
2023-06-22 23:45:03.513  INFO 11804 --- [    Test worker] o.s.s.concurrent.ThreadPoolTaskExecutor  : Initializing ExecutorService 'applicationTaskExecutor'
2023-06-22 23:45:03.910  INFO 11804 --- [    Test worker] o.s.b.a.h2.H2ConsoleAutoConfiguration    : H2 console available at '/h2'. Database available at 'jdbc:h2:mem:~/bibliotecaTest'
2023-06-22 23:45:04.018  INFO 11804 --- [    Test worker] o.s.b.t.m.w.SpringBootMockServletContext : Initializing Spring TestDispatcherServlet ''
2023-06-22 23:45:04.018  INFO 11804 --- [    Test worker] o.s.t.web.servlet.TestDispatcherServlet  : Initializing Servlet ''
2023-06-22 23:45:04.059  INFO 11804 --- [    Test worker] o.s.t.web.servlet.TestDispatcherServlet  : Completed initialization in 40 ms
2023-06-22 23:45:04.069  INFO 11804 --- [    Test worker] c.c.b.calificador.PrestamoTests          : Started PrestamoTests in 1.738 seconds (JVM running for 15.409)

MockHttpServletRequest:
      HTTP Method = POST
      Request URI = /prestamo
       Parameters = {}
          Headers = [Content-Type:"application/json;charset=UTF-8"]
             Body = {"isbn":"EQWQW8545","identificacionUsuario":"1111111111","tipoUsuario":3}
    Session Attrs = {}

Handler:
             Type = com.ceiba.biblioteca.controlador.PrestamoControlador
           Method = com.ceiba.biblioteca.controlador.PrestamoControlador#crearPrestamo(Prestamo)

Async:
    Async started = false
     Async result = null

Resolved Exception:
             Type = null

ModelAndView:
        View name = null
             View = null
            Model = null

FlashMap:
       Attributes = null

MockHttpServletResponse:
           Status = 200
    Error message = null
          Headers = [Content-Type:"application/json"]
     Content type = application/json
             Body = {"id":1,"fechaMaximaDevolucion":"03/07/2023"}
    Forwarded URL = null
   Redirected URL = null
          Cookies = []

MockHttpServletRequest:
      HTTP Method = POST
      Request URI = /prestamo
       Parameters = {}
          Headers = [Content-Type:"application/json;charset=UTF-8"]
             Body = {"isbn":"EQWQW8545","identificacionUsuario":"1111111111","tipoUsuario":3}
    Session Attrs = {}

Handler:
             Type = com.ceiba.biblioteca.controlador.PrestamoControlador
           Method = com.ceiba.biblioteca.controlador.PrestamoControlador#crearPrestamo(Prestamo)

Async:
    Async started = false
     Async result = null

Resolved Exception:
             Type = null

ModelAndView:
        View name = null
             View = null
            Model = null

FlashMap:
       Attributes = null

MockHttpServletResponse:
           Status = 400
    Error message = null
          Headers = [Content-Type:"application/json"]
     Content type = application/json
             Body = {"mensaje":"El usuario con identificaciÃ³n 1111111111 ya tiene un libro prestado por lo cual no se le puede realizar otro prÃ©stamo"}
    Forwarded URL = null
   Redirected URL = null
          Cookies = []
2023-06-22 23:45:04.147  INFO 11804 --- [    Test worker] o.s.s.concurrent.ThreadPoolTaskExecutor  : Shutting down ExecutorService 'applicationTaskExecutor'
2023-06-22 23:45:04.149  INFO 11804 --- [    Test worker] j.LocalContainerEntityManagerFactoryBean : Closing JPA EntityManagerFactory for persistence unit 'default'
2023-06-22 23:45:04.151  INFO 11804 --- [    Test worker] .SchemaDropperImpl$DelayedDropActionImpl : HHH000477: Starting delayed evictData of schema as part of SessionFactory shut-down'
2023-06-22 23:45:04.155  INFO 11804 --- [    Test worker] com.zaxxer.hikari.HikariDataSource       : HikariPool-4 - Shutdown initiated...
2023-06-22 23:45:04.164  INFO 11804 --- [    Test worker] com.zaxxer.hikari.HikariDataSource       : HikariPool-4 - Shutdown completed.

  .   ____          _            __ _ _
 /\\ / ___'_ __ _ _(_)_ __  __ _ \ \ \ \
( ( )\___ | '_ | '_| | '_ \/ _` | \ \ \ \
 \\/  ___)| |_)| | | | | || (_| |  ) ) ) )
  '  |____| .__|_| |_|_| |_\__, | / / / /
 =========|_|==============|___/=/_/_/_/
 :: Spring Boot ::        (v2.2.1.RELEASE)

2023-06-22 23:45:04.251  INFO 11804 --- [    Test worker] c.c.b.calificador.PrestamoTests          : Starting PrestamoTests on DESKTOP-5F1B78L with PID 11804 (started by Lenovo Ryzen5 in C:\Users\Lenovo Ryzen5\Desktop\biblioteca)
2023-06-22 23:45:04.252  INFO 11804 --- [    Test worker] c.c.b.calificador.PrestamoTests          : No active profile set, falling back to default profiles: default
2023-06-22 23:45:04.511  INFO 11804 --- [    Test worker] .s.d.r.c.RepositoryConfigurationDelegate : Bootstrapping Spring Data repositories in DEFAULT mode.
2023-06-22 23:45:04.532  INFO 11804 --- [    Test worker] .s.d.r.c.RepositoryConfigurationDelegate : Finished Spring Data repository scanning in 20ms. Found 1 repository interfaces.
2023-06-22 23:45:04.648  INFO 11804 --- [    Test worker] trationDelegate$BeanPostProcessorChecker : Bean 'org.springframework.transaction.annotation.ProxyTransactionManagementConfiguration' of type [org.springframework.transaction.annotation.ProxyTransactionManagementConfiguration] is not eligible for getting processed by all BeanPostProcessors (for example: not eligible for auto-proxying)
2023-06-22 23:45:04.749  INFO 11804 --- [    Test worker] com.zaxxer.hikari.HikariDataSource       : HikariPool-5 - Starting...
2023-06-22 23:45:04.752  INFO 11804 --- [    Test worker] com.zaxxer.hikari.HikariDataSource       : HikariPool-5 - Start completed.
2023-06-22 23:45:04.783  INFO 11804 --- [    Test worker] o.hibernate.jpa.internal.util.LogHelper  : HHH000204: Processing PersistenceUnitInfo [name: default]
2023-06-22 23:45:04.795  INFO 11804 --- [    Test worker] org.hibernate.dialect.Dialect            : HHH000400: Using dialect: org.hibernate.dialect.H2Dialect
2023-06-22 23:45:04.849  INFO 11804 --- [    Test worker] o.h.e.t.j.p.i.JtaPlatformInitiator       : HHH000490: Using JtaPlatform implementation: [org.hibernate.engine.transaction.jta.platform.internal.NoJtaPlatform]
2023-06-22 23:45:04.849  INFO 11804 --- [    Test worker] j.LocalContainerEntityManagerFactoryBean : Initialized JPA EntityManagerFactory for persistence unit 'default'
2023-06-22 23:45:05.106  WARN 11804 --- [    Test worker] JpaBaseConfiguration$JpaWebConfiguration : spring.jpa.open-in-view is enabled by default. Therefore, database queries may be performed during view rendering. Explicitly configure spring.jpa.open-in-view to disable this warning
2023-06-22 23:45:05.278  INFO 11804 --- [    Test worker] o.s.s.concurrent.ThreadPoolTaskExecutor  : Initializing ExecutorService 'applicationTaskExecutor'
2023-06-22 23:45:05.526  INFO 11804 --- [    Test worker] o.s.b.a.h2.H2ConsoleAutoConfiguration    : H2 console available at '/h2'. Database available at 'jdbc:h2:mem:~/bibliotecaTest'
2023-06-22 23:45:05.614  INFO 11804 --- [    Test worker] o.s.b.t.m.w.SpringBootMockServletContext : Initializing Spring TestDispatcherServlet ''
2023-06-22 23:45:05.615  INFO 11804 --- [    Test worker] o.s.t.web.servlet.TestDispatcherServlet  : Initializing Servlet ''
2023-06-22 23:45:05.632  INFO 11804 --- [    Test worker] o.s.t.web.servlet.TestDispatcherServlet  : Completed initialization in 17 ms
2023-06-22 23:45:05.649  INFO 11804 --- [    Test worker] c.c.b.calificador.PrestamoTests          : Started PrestamoTests in 1.481 seconds (JVM running for 16.989)

MockHttpServletRequest:
      HTTP Method = POST
      Request URI = /prestamo
       Parameters = {}
          Headers = [Content-Type:"application/json;charset=UTF-8"]
             Body = {"isbn":"EQWQW8545","identificacionUsuario":"1111111111","tipoUsuario":5}
    Session Attrs = {}

Handler:
             Type = com.ceiba.biblioteca.controlador.PrestamoControlador
           Method = com.ceiba.biblioteca.controlador.PrestamoControlador#crearPrestamo(Prestamo)

Async:
    Async started = false
     Async result = null

Resolved Exception:
             Type = null

ModelAndView:
        View name = null
             View = null
            Model = null

FlashMap:
       Attributes = null

MockHttpServletResponse:
           Status = 400
    Error message = null
          Headers = [Content-Type:"application/json"]
     Content type = application/json
             Body = {"mensaje":"Tipo de usuario no permitido en la biblioteca"}
    Forwarded URL = null
   Redirected URL = null
          Cookies = []
2023-06-22 23:45:05.671  INFO 11804 --- [    Test worker] o.s.s.concurrent.ThreadPoolTaskExecutor  : Shutting down ExecutorService 'applicationTaskExecutor'
2023-06-22 23:45:05.672  INFO 11804 --- [    Test worker] j.LocalContainerEntityManagerFactoryBean : Closing JPA EntityManagerFactory for persistence unit 'default'
2023-06-22 23:45:05.673  INFO 11804 --- [    Test worker] .SchemaDropperImpl$DelayedDropActionImpl : HHH000477: Starting delayed evictData of schema as part of SessionFactory shut-down'
2023-06-22 23:45:05.675  INFO 11804 --- [    Test worker] com.zaxxer.hikari.HikariDataSource       : HikariPool-5 - Shutdown initiated...
2023-06-22 23:45:05.677  INFO 11804 --- [    Test worker] com.zaxxer.hikari.HikariDataSource       : HikariPool-5 - Shutdown completed.

  .   ____          _            __ _ _
 /\\ / ___'_ __ _ _(_)_ __  __ _ \ \ \ \
( ( )\___ | '_ | '_| | '_ \/ _` | \ \ \ \
 \\/  ___)| |_)| | | | | || (_| |  ) ) ) )
  '  |____| .__|_| |_|_| |_\__, | / / / /
 =========|_|==============|___/=/_/_/_/
 :: Spring Boot ::        (v2.2.1.RELEASE)

2023-06-22 23:45:05.720  INFO 11804 --- [    Test worker] c.c.b.calificador.PrestamoTests          : Starting PrestamoTests on DESKTOP-5F1B78L with PID 11804 (started by Lenovo Ryzen5 in C:\Users\Lenovo Ryzen5\Desktop\biblioteca)
2023-06-22 23:45:05.721  INFO 11804 --- [    Test worker] c.c.b.calificador.PrestamoTests          : No active profile set, falling back to default profiles: default
2023-06-22 23:45:05.996  INFO 11804 --- [    Test worker] .s.d.r.c.RepositoryConfigurationDelegate : Bootstrapping Spring Data repositories in DEFAULT mode.
2023-06-22 23:45:06.020  INFO 11804 --- [    Test worker] .s.d.r.c.RepositoryConfigurationDelegate : Finished Spring Data repository scanning in 23ms. Found 1 repository interfaces.
2023-06-22 23:45:06.132  INFO 11804 --- [    Test worker] trationDelegate$BeanPostProcessorChecker : Bean 'org.springframework.transaction.annotation.ProxyTransactionManagementConfiguration' of type [org.springframework.transaction.annotation.ProxyTransactionManagementConfiguration] is not eligible for getting processed by all BeanPostProcessors (for example: not eligible for auto-proxying)
2023-06-22 23:45:06.217  INFO 11804 --- [    Test worker] com.zaxxer.hikari.HikariDataSource       : HikariPool-6 - Starting...
2023-06-22 23:45:06.220  INFO 11804 --- [    Test worker] com.zaxxer.hikari.HikariDataSource       : HikariPool-6 - Start completed.
2023-06-22 23:45:06.253  INFO 11804 --- [    Test worker] o.hibernate.jpa.internal.util.LogHelper  : HHH000204: Processing PersistenceUnitInfo [name: default]
2023-06-22 23:45:06.268  INFO 11804 --- [    Test worker] org.hibernate.dialect.Dialect            : HHH000400: Using dialect: org.hibernate.dialect.H2Dialect
2023-06-22 23:45:06.328  INFO 11804 --- [    Test worker] o.h.e.t.j.p.i.JtaPlatformInitiator       : HHH000490: Using JtaPlatform implementation: [org.hibernate.engine.transaction.jta.platform.internal.NoJtaPlatform]
2023-06-22 23:45:06.329  INFO 11804 --- [    Test worker] j.LocalContainerEntityManagerFactoryBean : Initialized JPA EntityManagerFactory for persistence unit 'default'
2023-06-22 23:45:06.585  WARN 11804 --- [    Test worker] JpaBaseConfiguration$JpaWebConfiguration : spring.jpa.open-in-view is enabled by default. Therefore, database queries may be performed during view rendering. Explicitly configure spring.jpa.open-in-view to disable this warning
2023-06-22 23:45:06.748  INFO 11804 --- [    Test worker] o.s.s.concurrent.ThreadPoolTaskExecutor  : Initializing ExecutorService 'applicationTaskExecutor'
2023-06-22 23:45:07.009  INFO 11804 --- [    Test worker] o.s.b.a.h2.H2ConsoleAutoConfiguration    : H2 console available at '/h2'. Database available at 'jdbc:h2:mem:~/bibliotecaTest'
2023-06-22 23:45:07.107  INFO 11804 --- [    Test worker] o.s.b.t.m.w.SpringBootMockServletContext : Initializing Spring TestDispatcherServlet ''
2023-06-22 23:45:07.107  INFO 11804 --- [    Test worker] o.s.t.web.servlet.TestDispatcherServlet  : Initializing Servlet ''
2023-06-22 23:45:07.121  INFO 11804 --- [    Test worker] o.s.t.web.servlet.TestDispatcherServlet  : Completed initialization in 14 ms
2023-06-22 23:45:07.128  INFO 11804 --- [    Test worker] c.c.b.calificador.PrestamoTests          : Started PrestamoTests in 1.448 seconds (JVM running for 18.469)

MockHttpServletRequest:
      HTTP Method = POST
      Request URI = /prestamo
       Parameters = {}
          Headers = [Content-Type:"application/json;charset=UTF-8"]
             Body = {"isbn":"EQWQW8545","identificacionUsuario":"1111111111","tipoUsuario":1}
    Session Attrs = {}

Handler:
             Type = com.ceiba.biblioteca.controlador.PrestamoControlador
           Method = com.ceiba.biblioteca.controlador.PrestamoControlador#crearPrestamo(Prestamo)

Async:
    Async started = false
     Async result = null

Resolved Exception:
             Type = null

ModelAndView:
        View name = null
             View = null
            Model = null

FlashMap:
       Attributes = null

MockHttpServletResponse:
           Status = 200
    Error message = null
          Headers = [Content-Type:"application/json"]
     Content type = application/json
             Body = {"id":1,"fechaMaximaDevolucion":"06/07/2023"}
    Forwarded URL = null
   Redirected URL = null
          Cookies = []

MockHttpServletRequest:
      HTTP Method = POST
      Request URI = /prestamo
       Parameters = {}
          Headers = [Content-Type:"application/json;charset=UTF-8"]
             Body = {"isbn":"EQWQW8545","identificacionUsuario":"1111111111","tipoUsuario":1}
    Session Attrs = {}

Handler:
             Type = com.ceiba.biblioteca.controlador.PrestamoControlador
           Method = com.ceiba.biblioteca.controlador.PrestamoControlador#crearPrestamo(Prestamo)

Async:
    Async started = false
     Async result = null

Resolved Exception:
             Type = null

ModelAndView:
        View name = null
             View = null
            Model = null

FlashMap:
       Attributes = null

MockHttpServletResponse:
           Status = 200
    Error message = null
          Headers = [Content-Type:"application/json"]
     Content type = application/json
             Body = {"id":2,"fechaMaximaDevolucion":"06/07/2023"}
    Forwarded URL = null
   Redirected URL = null
          Cookies = []
2023-06-22 23:45:07.183  INFO 11804 --- [    Test worker] o.s.s.concurrent.ThreadPoolTaskExecutor  : Shutting down ExecutorService 'applicationTaskExecutor'
2023-06-22 23:45:07.183  INFO 11804 --- [    Test worker] j.LocalContainerEntityManagerFactoryBean : Closing JPA EntityManagerFactory for persistence unit 'default'
2023-06-22 23:45:07.184  INFO 11804 --- [    Test worker] .SchemaDropperImpl$DelayedDropActionImpl : HHH000477: Starting delayed evictData of schema as part of SessionFactory shut-down'
2023-06-22 23:45:07.186  INFO 11804 --- [    Test worker] com.zaxxer.hikari.HikariDataSource       : HikariPool-6 - Shutdown initiated...
2023-06-22 23:45:07.189  INFO 11804 --- [    Test worker] com.zaxxer.hikari.HikariDataSource       : HikariPool-6 - Shutdown completed.

  .   ____          _            __ _ _
 /\\ / ___'_ __ _ _(_)_ __  __ _ \ \ \ \
( ( )\___ | '_ | '_| | '_ \/ _` | \ \ \ \
 \\/  ___)| |_)| | | | | || (_| |  ) ) ) )
  '  |____| .__|_| |_|_| |_\__, | / / / /
 =========|_|==============|___/=/_/_/_/
 :: Spring Boot ::        (v2.2.1.RELEASE)

2023-06-22 23:45:07.251  INFO 11804 --- [    Test worker] c.c.b.calificador.PrestamoTests          : Starting PrestamoTests on DESKTOP-5F1B78L with PID 11804 (started by Lenovo Ryzen5 in C:\Users\Lenovo Ryzen5\Desktop\biblioteca)
2023-06-22 23:45:07.252  INFO 11804 --- [    Test worker] c.c.b.calificador.PrestamoTests          : No active profile set, falling back to default profiles: default
2023-06-22 23:45:07.527  INFO 11804 --- [    Test worker] .s.d.r.c.RepositoryConfigurationDelegate : Bootstrapping Spring Data repositories in DEFAULT mode.
2023-06-22 23:45:07.556  INFO 11804 --- [    Test worker] .s.d.r.c.RepositoryConfigurationDelegate : Finished Spring Data repository scanning in 29ms. Found 1 repository interfaces.
2023-06-22 23:45:07.658  INFO 11804 --- [    Test worker] trationDelegate$BeanPostProcessorChecker : Bean 'org.springframework.transaction.annotation.ProxyTransactionManagementConfiguration' of type [org.springframework.transaction.annotation.ProxyTransactionManagementConfiguration] is not eligible for getting processed by all BeanPostProcessors (for example: not eligible for auto-proxying)
2023-06-22 23:45:07.738  INFO 11804 --- [    Test worker] com.zaxxer.hikari.HikariDataSource       : HikariPool-7 - Starting...
2023-06-22 23:45:07.741  INFO 11804 --- [    Test worker] com.zaxxer.hikari.HikariDataSource       : HikariPool-7 - Start completed.
2023-06-22 23:45:07.768  INFO 11804 --- [    Test worker] o.hibernate.jpa.internal.util.LogHelper  : HHH000204: Processing PersistenceUnitInfo [name: default]
2023-06-22 23:45:07.780  INFO 11804 --- [    Test worker] org.hibernate.dialect.Dialect            : HHH000400: Using dialect: org.hibernate.dialect.H2Dialect
2023-06-22 23:45:07.824  INFO 11804 --- [    Test worker] o.h.e.t.j.p.i.JtaPlatformInitiator       : HHH000490: Using JtaPlatform implementation: [org.hibernate.engine.transaction.jta.platform.internal.NoJtaPlatform]
2023-06-22 23:45:07.825  INFO 11804 --- [    Test worker] j.LocalContainerEntityManagerFactoryBean : Initialized JPA EntityManagerFactory for persistence unit 'default'
2023-06-22 23:45:08.093  WARN 11804 --- [    Test worker] JpaBaseConfiguration$JpaWebConfiguration : spring.jpa.open-in-view is enabled by default. Therefore, database queries may be performed during view rendering. Explicitly configure spring.jpa.open-in-view to disable this warning
2023-06-22 23:45:08.252  INFO 11804 --- [    Test worker] o.s.s.concurrent.ThreadPoolTaskExecutor  : Initializing ExecutorService 'applicationTaskExecutor'
2023-06-22 23:45:08.493  INFO 11804 --- [    Test worker] o.s.b.a.h2.H2ConsoleAutoConfiguration    : H2 console available at '/h2'. Database available at 'jdbc:h2:mem:~/bibliotecaTest'
2023-06-22 23:45:08.587  INFO 11804 --- [    Test worker] o.s.b.t.m.w.SpringBootMockServletContext : Initializing Spring TestDispatcherServlet ''
2023-06-22 23:45:08.587  INFO 11804 --- [    Test worker] o.s.t.web.servlet.TestDispatcherServlet  : Initializing Servlet ''
2023-06-22 23:45:08.602  INFO 11804 --- [    Test worker] o.s.t.web.servlet.TestDispatcherServlet  : Completed initialization in 15 ms
2023-06-22 23:45:08.609  INFO 11804 --- [    Test worker] c.c.b.calificador.PrestamoTests          : Started PrestamoTests in 1.414 seconds (JVM running for 19.95)

MockHttpServletRequest:
      HTTP Method = GET
      Request URI = /prestamo/1
       Parameters = {}
          Headers = [Accept:"application/json"]
             Body = null
    Session Attrs = {}

Handler:
             Type = com.ceiba.biblioteca.controlador.PrestamoControlador
           Method = com.ceiba.biblioteca.controlador.PrestamoControlador#buscarPorId(Integer)

Async:
    Async started = false
     Async result = null

Resolved Exception:
             Type = null

ModelAndView:
        View name = null
             View = null
            Model = null

FlashMap:
       Attributes = null

MockHttpServletResponse:
           Status = 200
    Error message = null
          Headers = [Content-Type:"application/json"]
     Content type = application/json
             Body = {"id":1,"isbn":"ASDA7884","identificacionUsuario":"974148","tipoUsuario":1,"fechaMaximaDevolucion":"06/07/2023"}
    Forwarded URL = null
   Redirected URL = null
          Cookies = []
]]></system-out>
  <system-err><![CDATA[]]></system-err>
</testsuite>
